2025-12-29T21:46:33.878+05:30  INFO 28956 --- [ims] [restartedMain] c.interview.management.ImsApplication    : Starting ImsApplication using Java 21.0.9 with PID 28956 (C:\Users\panty\OneDrive\Desktop\management\management\target\classes started by panty in C:\Users\panty\OneDrive\Desktop\management\management)
2025-12-29T21:46:33.883+05:30 DEBUG 28956 --- [ims] [restartedMain] c.interview.management.ImsApplication    : Running with Spring Boot v3.5.9, Spring v6.2.15
2025-12-29T21:46:33.885+05:30  INFO 28956 --- [ims] [restartedMain] c.interview.management.ImsApplication    : No active profile set, falling back to 1 default profile: "default"
2025-12-29T21:46:33.989+05:30  INFO 28956 --- [ims] [restartedMain] .e.DevToolsPropertyDefaultsPostProcessor : Devtools property defaults active! Set 'spring.devtools.add-properties' to 'false' to disable
2025-12-29T21:46:33.990+05:30  INFO 28956 --- [ims] [restartedMain] .e.DevToolsPropertyDefaultsPostProcessor : For additional web related logging consider setting the 'logging.level.web' property to 'DEBUG'
2025-12-29T21:46:36.339+05:30  INFO 28956 --- [ims] [restartedMain] .s.d.r.c.RepositoryConfigurationDelegate : Bootstrapping Spring Data JPA repositories in DEFAULT mode.
2025-12-29T21:46:36.849+05:30  INFO 28956 --- [ims] [restartedMain] .s.d.r.c.RepositoryConfigurationDelegate : Finished Spring Data repository scanning in 485 ms. Found 7 JPA repository interfaces.
2025-12-29T21:46:38.035+05:30  INFO 28956 --- [ims] [restartedMain] o.s.b.w.embedded.tomcat.TomcatWebServer  : Tomcat initialized with port 8080 (http)
2025-12-29T21:46:38.070+05:30  INFO 28956 --- [ims] [restartedMain] o.apache.catalina.core.StandardService   : Starting service [Tomcat]
2025-12-29T21:46:38.072+05:30  INFO 28956 --- [ims] [restartedMain] o.apache.catalina.core.StandardEngine    : Starting Servlet engine: [Apache Tomcat/10.1.50]
2025-12-29T21:46:38.218+05:30  INFO 28956 --- [ims] [restartedMain] o.a.c.c.C.[Tomcat].[localhost].[/]       : Initializing Spring embedded WebApplicationContext
2025-12-29T21:46:38.220+05:30  INFO 28956 --- [ims] [restartedMain] w.s.c.ServletWebServerApplicationContext : Root WebApplicationContext: initialization completed in 4227 ms
2025-12-29T21:46:38.582+05:30  INFO 28956 --- [ims] [restartedMain] o.hibernate.jpa.internal.util.LogHelper  : HHH000204: Processing PersistenceUnitInfo [name: default]
2025-12-29T21:46:38.773+05:30  INFO 28956 --- [ims] [restartedMain] org.hibernate.Version                    : HHH000412: Hibernate ORM core version 6.6.39.Final
2025-12-29T21:46:38.864+05:30  INFO 28956 --- [ims] [restartedMain] o.h.c.internal.RegionFactoryInitiator    : HHH000026: Second-level cache disabled
2025-12-29T21:46:39.612+05:30  INFO 28956 --- [ims] [restartedMain] o.s.o.j.p.SpringPersistenceUnitInfo      : No LoadTimeWeaver setup: ignoring JPA class transformer
2025-12-29T21:46:39.701+05:30  INFO 28956 --- [ims] [restartedMain] com.zaxxer.hikari.HikariDataSource       : HikariPool-1 - Starting...
2025-12-29T21:46:40.151+05:30  INFO 28956 --- [ims] [restartedMain] com.zaxxer.hikari.pool.HikariPool        : HikariPool-1 - Added connection org.postgresql.jdbc.PgConnection@f4c18c
2025-12-29T21:46:40.155+05:30  INFO 28956 --- [ims] [restartedMain] com.zaxxer.hikari.HikariDataSource       : HikariPool-1 - Start completed.
2025-12-29T21:46:40.293+05:30  WARN 28956 --- [ims] [restartedMain] org.hibernate.orm.deprecation            : HHH90000025: PostgreSQLDialect does not need to be specified explicitly using 'hibernate.dialect' (remove the property setting and it will be selected by default)
2025-12-29T21:46:40.344+05:30  INFO 28956 --- [ims] [restartedMain] org.hibernate.orm.connections.pooling    : HHH10001005: Database info:
	Database JDBC URL [Connecting through datasource 'HikariDataSource (HikariPool-1)']
	Database driver: undefined/unknown
	Database version: 17.7
	Autocommit mode: undefined/unknown
	Isolation level: undefined/unknown
	Minimum pool size: undefined/unknown
	Maximum pool size: undefined/unknown
2025-12-29T21:46:42.903+05:30  INFO 28956 --- [ims] [restartedMain] o.h.e.t.j.p.i.JtaPlatformInitiator       : HHH000489: No JTA platform available (set 'hibernate.transaction.jta.platform' to enable JTA platform integration)
2025-12-29T21:46:43.142+05:30 DEBUG 28956 --- [ims] [restartedMain] org.hibernate.SQL                        : 
    create table ai_screenings (
        id bigint generated by default as identity,
        ai_model_used varchar(50),
        analysis_text TEXT,
        cultural_fit TEXT,
        education_level varchar(500),
        experience_years float(53),
        match_score integer not null,
        screened_at timestamp(6) not null,
        skills_matched TEXT,
        candidate_id bigint not null,
        primary key (id)
    )
2025-12-29T21:46:43.213+05:30 DEBUG 28956 --- [ims] [restartedMain] org.hibernate.SQL                        : 
    create table candidate_stage_history (
        id bigint generated by default as identity,
        changed_at timestamp(6) not null,
        changed_by varchar(100) not null,
        from_stage varchar(255) not null check (from_stage in ('APPLIED','SCREENING','INTERVIEW_SCHEDULED','INTERVIEW_COMPLETED','HIRED','REJECTED')),
        reason TEXT,
        to_stage varchar(255) not null check (to_stage in ('APPLIED','SCREENING','INTERVIEW_SCHEDULED','INTERVIEW_COMPLETED','HIRED','REJECTED')),
        candidate_id bigint not null,
        primary key (id)
    )
2025-12-29T21:46:43.234+05:30 DEBUG 28956 --- [ims] [restartedMain] org.hibernate.SQL                        : 
    create table candidates (
        id bigint generated by default as identity,
        created_at timestamp(6) not null,
        current_stage varchar(255) not null check (current_stage in ('APPLIED','SCREENING','INTERVIEW_SCHEDULED','INTERVIEW_COMPLETED','HIRED','REJECTED')),
        email varchar(100) not null,
        name varchar(100) not null,
        phone varchar(20),
        resume_path varchar(255),
        updated_at timestamp(6),
        primary key (id)
    )
2025-12-29T21:46:43.252+05:30 DEBUG 28956 --- [ims] [restartedMain] org.hibernate.SQL                        : 
    create table feedbacks (
        id bigint generated by default as identity,
        additional_comments TEXT,
        communication_score integer not null,
        cultural_fit_score integer,
        problem_solving_score integer not null,
        recommendation varchar(255) not null check (recommendation in ('STRONG_HIRE','HIRE','MAYBE','NO_HIRE')),
        strengths TEXT,
        submitted_at timestamp(6) not null,
        technical_score integer not null,
        weaknesses TEXT,
        interview_id bigint not null,
        interviewer_id bigint not null,
        primary key (id)
    )
2025-12-29T21:46:43.270+05:30 DEBUG 28956 --- [ims] [restartedMain] org.hibernate.SQL                        : 
    create table interview_status_history (
        id bigint generated by default as identity,
        changed_at timestamp(6) not null,
        changed_by varchar(100) not null,
        notes TEXT,
        status varchar(255) not null check (status in ('SCHEDULED','IN_PROGRESS','COMPLETED','CANCELLED','RESCHEDULED')),
        interview_id bigint not null,
        primary key (id)
    )
2025-12-29T21:46:43.287+05:30 DEBUG 28956 --- [ims] [restartedMain] org.hibernate.SQL                        : 
    create table interviewers (
        id bigint generated by default as identity,
        created_at timestamp(6) not null,
        department varchar(100),
        designation varchar(100),
        email varchar(100) not null,
        expertise TEXT,
        name varchar(100) not null,
        primary key (id)
    )
2025-12-29T21:46:43.306+05:30 DEBUG 28956 --- [ims] [restartedMain] org.hibernate.SQL                        : 
    create table interviews (
        id bigint generated by default as identity,
        created_at timestamp(6) not null,
        current_status varchar(255) not null check (current_status in ('SCHEDULED','IN_PROGRESS','COMPLETED','CANCELLED','RESCHEDULED')),
        duration_minutes integer,
        interview_type varchar(255) not null check (interview_type in ('TECHNICAL','HR','MANAGERIAL','CULTURAL_FIT')),
        location varchar(500),
        notes TEXT,
        scheduled_at timestamp(6) not null,
        updated_at timestamp(6),
        candidate_id bigint not null,
        interviewer_id bigint not null,
        primary key (id)
    )
2025-12-29T21:46:43.325+05:30 DEBUG 28956 --- [ims] [restartedMain] org.hibernate.SQL                        : 
    create index idx_screening_candidate 
       on ai_screenings (candidate_id)
2025-12-29T21:46:43.331+05:30 DEBUG 28956 --- [ims] [restartedMain] org.hibernate.SQL                        : 
    create index idx_screening_score 
       on ai_screenings (match_score)
2025-12-29T21:46:43.339+05:30 DEBUG 28956 --- [ims] [restartedMain] org.hibernate.SQL                        : 
    create index idx_stage_history_candidate 
       on candidate_stage_history (candidate_id)
2025-12-29T21:46:43.346+05:30 DEBUG 28956 --- [ims] [restartedMain] org.hibernate.SQL                        : 
    create index idx_candidate_email 
       on candidates (email)
2025-12-29T21:46:43.353+05:30 DEBUG 28956 --- [ims] [restartedMain] org.hibernate.SQL                        : 
    create index idx_candidate_stage 
       on candidates (current_stage)
2025-12-29T21:46:43.360+05:30 DEBUG 28956 --- [ims] [restartedMain] org.hibernate.SQL                        : 
    alter table if exists candidates 
       drop constraint if exists UKnm2ss73jii2hdupmpphl6agry
2025-12-29T21:46:43.366+05:30  WARN 28956 --- [ims] [restartedMain] o.h.engine.jdbc.spi.SqlExceptionHelper   : SQL Warning Code: 0, SQLState: 00000
2025-12-29T21:46:43.367+05:30  WARN 28956 --- [ims] [restartedMain] o.h.engine.jdbc.spi.SqlExceptionHelper   : constraint "uknm2ss73jii2hdupmpphl6agry" of relation "candidates" does not exist, skipping
2025-12-29T21:46:43.368+05:30 DEBUG 28956 --- [ims] [restartedMain] org.hibernate.SQL                        : 
    alter table if exists candidates 
       add constraint UKnm2ss73jii2hdupmpphl6agry unique (email)
2025-12-29T21:46:43.373+05:30 DEBUG 28956 --- [ims] [restartedMain] org.hibernate.SQL                        : 
    create index idx_feedback_interview 
       on feedbacks (interview_id)
2025-12-29T21:46:43.379+05:30 DEBUG 28956 --- [ims] [restartedMain] org.hibernate.SQL                        : 
    create index idx_feedback_interviewer 
       on feedbacks (interviewer_id)
2025-12-29T21:46:43.384+05:30 DEBUG 28956 --- [ims] [restartedMain] org.hibernate.SQL                        : 
    create index idx_status_history_interview 
       on interview_status_history (interview_id)
2025-12-29T21:46:43.390+05:30 DEBUG 28956 --- [ims] [restartedMain] org.hibernate.SQL                        : 
    create index idx_interviewer_email 
       on interviewers (email)
2025-12-29T21:46:43.396+05:30 DEBUG 28956 --- [ims] [restartedMain] org.hibernate.SQL                        : 
    alter table if exists interviewers 
       drop constraint if exists UKh367rtn9p0pq086iifcudju7e
2025-12-29T21:46:43.398+05:30  WARN 28956 --- [ims] [restartedMain] o.h.engine.jdbc.spi.SqlExceptionHelper   : SQL Warning Code: 0, SQLState: 00000
2025-12-29T21:46:43.400+05:30  WARN 28956 --- [ims] [restartedMain] o.h.engine.jdbc.spi.SqlExceptionHelper   : constraint "ukh367rtn9p0pq086iifcudju7e" of relation "interviewers" does not exist, skipping
2025-12-29T21:46:43.401+05:30 DEBUG 28956 --- [ims] [restartedMain] org.hibernate.SQL                        : 
    alter table if exists interviewers 
       add constraint UKh367rtn9p0pq086iifcudju7e unique (email)
2025-12-29T21:46:43.407+05:30 DEBUG 28956 --- [ims] [restartedMain] org.hibernate.SQL                        : 
    create index idx_interview_candidate 
       on interviews (candidate_id)
2025-12-29T21:46:43.412+05:30 DEBUG 28956 --- [ims] [restartedMain] org.hibernate.SQL                        : 
    create index idx_interview_interviewer 
       on interviews (interviewer_id)
2025-12-29T21:46:43.419+05:30 DEBUG 28956 --- [ims] [restartedMain] org.hibernate.SQL                        : 
    create index idx_interview_scheduled 
       on interviews (scheduled_at)
2025-12-29T21:46:43.424+05:30 DEBUG 28956 --- [ims] [restartedMain] org.hibernate.SQL                        : 
    create index idx_interview_status 
       on interviews (current_status)
2025-12-29T21:46:43.430+05:30 DEBUG 28956 --- [ims] [restartedMain] org.hibernate.SQL                        : 
    alter table if exists ai_screenings 
       add constraint FK2t6599mtouqv2fu8ttga04sgj 
       foreign key (candidate_id) 
       references candidates
2025-12-29T21:46:43.456+05:30 DEBUG 28956 --- [ims] [restartedMain] org.hibernate.SQL                        : 
    alter table if exists candidate_stage_history 
       add constraint FKknv0xkpbyu8t6to3ln33oibyh 
       foreign key (candidate_id) 
       references candidates
2025-12-29T21:46:43.465+05:30 DEBUG 28956 --- [ims] [restartedMain] org.hibernate.SQL                        : 
    alter table if exists feedbacks 
       add constraint FK8oj4t19vpl1twmemv9725upu6 
       foreign key (interview_id) 
       references interviews
2025-12-29T21:46:43.483+05:30 DEBUG 28956 --- [ims] [restartedMain] org.hibernate.SQL                        : 
    alter table if exists feedbacks 
       add constraint FK72s4x3pxatchrpl4eblxi656q 
       foreign key (interviewer_id) 
       references interviewers
2025-12-29T21:46:43.493+05:30 DEBUG 28956 --- [ims] [restartedMain] org.hibernate.SQL                        : 
    alter table if exists interview_status_history 
       add constraint FKllk2j7l6qaok01ssteicbm5kn 
       foreign key (interview_id) 
       references interviews
2025-12-29T21:46:43.501+05:30 DEBUG 28956 --- [ims] [restartedMain] org.hibernate.SQL                        : 
    alter table if exists interviews 
       add constraint FK4yhqbcuvek69rr37nr6lwau77 
       foreign key (candidate_id) 
       references candidates
2025-12-29T21:46:43.506+05:30 DEBUG 28956 --- [ims] [restartedMain] org.hibernate.SQL                        : 
    alter table if exists interviews 
       add constraint FKaixm8wcysa7x0irgou9pd3u6a 
       foreign key (interviewer_id) 
       references interviewers
2025-12-29T21:46:43.514+05:30  INFO 28956 --- [ims] [restartedMain] j.LocalContainerEntityManagerFactoryBean : Initialized JPA EntityManagerFactory for persistence unit 'default'
2025-12-29T21:46:43.929+05:30  WARN 28956 --- [ims] [restartedMain] JpaBaseConfiguration$JpaWebConfiguration : spring.jpa.open-in-view is enabled by default. Therefore, database queries may be performed during view rendering. Explicitly configure spring.jpa.open-in-view to disable this warning
2025-12-29T21:46:46.050+05:30  INFO 28956 --- [ims] [restartedMain] o.s.d.j.r.query.QueryEnhancerFactory     : Hibernate is in classpath; If applicable, HQL parser will be used.
2025-12-29T21:46:49.006+05:30  WARN 28956 --- [ims] [restartedMain] .s.s.UserDetailsServiceAutoConfiguration : 

Using generated security password: fb8e80b7-cec9-4856-856a-e1a5e59bd940

This generated password is for development use only. Your security configuration must be updated before running your application in production.

2025-12-29T21:46:49.021+05:30  INFO 28956 --- [ims] [restartedMain] r$InitializeUserDetailsManagerConfigurer : Global AuthenticationManager configured with UserDetailsService bean with name inMemoryUserDetailsManager
2025-12-29T21:46:49.248+05:30 DEBUG 28956 --- [ims] [restartedMain] o.s.s.web.DefaultSecurityFilterChain     : Will secure any request with filters: DisableEncodeUrlFilter, WebAsyncManagerIntegrationFilter, SecurityContextHolderFilter, HeaderWriterFilter, CsrfFilter, LogoutFilter, UsernamePasswordAuthenticationFilter, DefaultResourcesFilter, DefaultLoginPageGeneratingFilter, DefaultLogoutPageGeneratingFilter, BasicAuthenticationFilter, RequestCacheAwareFilter, SecurityContextHolderAwareRequestFilter, AnonymousAuthenticationFilter, ExceptionTranslationFilter, AuthorizationFilter
2025-12-29T21:46:49.359+05:30  INFO 28956 --- [ims] [restartedMain] o.s.b.d.a.OptionalLiveReloadServer       : LiveReload server is running on port 35729
2025-12-29T21:46:49.403+05:30  WARN 28956 --- [ims] [restartedMain] ConfigServletWebServerApplicationContext : Exception encountered during context initialization - cancelling refresh attempt: org.springframework.context.ApplicationContextException: Failed to start bean 'webServerStartStop'
2025-12-29T21:46:49.411+05:30  INFO 28956 --- [ims] [restartedMain] j.LocalContainerEntityManagerFactoryBean : Closing JPA EntityManagerFactory for persistence unit 'default'
2025-12-29T21:46:49.421+05:30  INFO 28956 --- [ims] [restartedMain] com.zaxxer.hikari.HikariDataSource       : HikariPool-1 - Shutdown initiated...
2025-12-29T21:46:49.431+05:30  INFO 28956 --- [ims] [restartedMain] com.zaxxer.hikari.HikariDataSource       : HikariPool-1 - Shutdown completed.
2025-12-29T21:46:49.475+05:30  INFO 28956 --- [ims] [restartedMain] .s.b.a.l.ConditionEvaluationReportLogger : 

Error starting ApplicationContext. To display the condition evaluation report re-run your application with 'debug' enabled.
2025-12-29T21:46:49.533+05:30 ERROR 28956 --- [ims] [restartedMain] o.s.b.d.LoggingFailureAnalysisReporter   : 

***************************
APPLICATION FAILED TO START
***************************

Description:

Web server failed to start. Port 8080 was already in use.

Action:

Identify and stop the process that's listening on port 8080 or configure this application to listen on another port.

2025-12-29T21:49:06.688+05:30  INFO 23576 --- [ims] [restartedMain] c.interview.management.ImsApplication    : Starting ImsApplication using Java 21.0.9 with PID 23576 (C:\Users\panty\OneDrive\Desktop\management\management\target\classes started by panty in C:\Users\panty\OneDrive\Desktop\management\management)
2025-12-29T21:49:06.700+05:30 DEBUG 23576 --- [ims] [restartedMain] c.interview.management.ImsApplication    : Running with Spring Boot v3.5.9, Spring v6.2.15
2025-12-29T21:49:06.703+05:30  INFO 23576 --- [ims] [restartedMain] c.interview.management.ImsApplication    : No active profile set, falling back to 1 default profile: "default"
2025-12-29T21:49:06.912+05:30  INFO 23576 --- [ims] [restartedMain] .e.DevToolsPropertyDefaultsPostProcessor : Devtools property defaults active! Set 'spring.devtools.add-properties' to 'false' to disable
2025-12-29T21:49:06.914+05:30  INFO 23576 --- [ims] [restartedMain] .e.DevToolsPropertyDefaultsPostProcessor : For additional web related logging consider setting the 'logging.level.web' property to 'DEBUG'
2025-12-29T21:49:09.816+05:30  INFO 23576 --- [ims] [restartedMain] .s.d.r.c.RepositoryConfigurationDelegate : Bootstrapping Spring Data JPA repositories in DEFAULT mode.
2025-12-29T21:49:10.309+05:30  INFO 23576 --- [ims] [restartedMain] .s.d.r.c.RepositoryConfigurationDelegate : Finished Spring Data repository scanning in 471 ms. Found 7 JPA repository interfaces.
2025-12-29T21:49:11.615+05:30  INFO 23576 --- [ims] [restartedMain] o.s.b.w.embedded.tomcat.TomcatWebServer  : Tomcat initialized with port 8087 (http)
2025-12-29T21:49:11.654+05:30  INFO 23576 --- [ims] [restartedMain] o.apache.catalina.core.StandardService   : Starting service [Tomcat]
2025-12-29T21:49:11.655+05:30  INFO 23576 --- [ims] [restartedMain] o.apache.catalina.core.StandardEngine    : Starting Servlet engine: [Apache Tomcat/10.1.50]
2025-12-29T21:49:11.815+05:30  INFO 23576 --- [ims] [restartedMain] o.a.c.c.C.[Tomcat].[localhost].[/]       : Initializing Spring embedded WebApplicationContext
2025-12-29T21:49:11.816+05:30  INFO 23576 --- [ims] [restartedMain] w.s.c.ServletWebServerApplicationContext : Root WebApplicationContext: initialization completed in 4899 ms
2025-12-29T21:49:12.211+05:30  INFO 23576 --- [ims] [restartedMain] o.hibernate.jpa.internal.util.LogHelper  : HHH000204: Processing PersistenceUnitInfo [name: default]
2025-12-29T21:49:12.395+05:30  INFO 23576 --- [ims] [restartedMain] org.hibernate.Version                    : HHH000412: Hibernate ORM core version 6.6.39.Final
2025-12-29T21:49:12.512+05:30  INFO 23576 --- [ims] [restartedMain] o.h.c.internal.RegionFactoryInitiator    : HHH000026: Second-level cache disabled
2025-12-29T21:49:13.274+05:30  INFO 23576 --- [ims] [restartedMain] o.s.o.j.p.SpringPersistenceUnitInfo      : No LoadTimeWeaver setup: ignoring JPA class transformer
2025-12-29T21:49:13.360+05:30  INFO 23576 --- [ims] [restartedMain] com.zaxxer.hikari.HikariDataSource       : HikariPool-1 - Starting...
2025-12-29T21:49:13.832+05:30  INFO 23576 --- [ims] [restartedMain] com.zaxxer.hikari.pool.HikariPool        : HikariPool-1 - Added connection org.postgresql.jdbc.PgConnection@2a7eb3a4
2025-12-29T21:49:13.835+05:30  INFO 23576 --- [ims] [restartedMain] com.zaxxer.hikari.HikariDataSource       : HikariPool-1 - Start completed.
2025-12-29T21:49:13.954+05:30  WARN 23576 --- [ims] [restartedMain] org.hibernate.orm.deprecation            : HHH90000025: PostgreSQLDialect does not need to be specified explicitly using 'hibernate.dialect' (remove the property setting and it will be selected by default)
2025-12-29T21:49:14.003+05:30  INFO 23576 --- [ims] [restartedMain] org.hibernate.orm.connections.pooling    : HHH10001005: Database info:
	Database JDBC URL [Connecting through datasource 'HikariDataSource (HikariPool-1)']
	Database driver: undefined/unknown
	Database version: 17.7
	Autocommit mode: undefined/unknown
	Isolation level: undefined/unknown
	Minimum pool size: undefined/unknown
	Maximum pool size: undefined/unknown
2025-12-29T21:49:16.725+05:30  INFO 23576 --- [ims] [restartedMain] o.h.e.t.j.p.i.JtaPlatformInitiator       : HHH000489: No JTA platform available (set 'hibernate.transaction.jta.platform' to enable JTA platform integration)
2025-12-29T21:49:17.162+05:30  INFO 23576 --- [ims] [restartedMain] j.LocalContainerEntityManagerFactoryBean : Initialized JPA EntityManagerFactory for persistence unit 'default'
2025-12-29T21:49:17.567+05:30  WARN 23576 --- [ims] [restartedMain] JpaBaseConfiguration$JpaWebConfiguration : spring.jpa.open-in-view is enabled by default. Therefore, database queries may be performed during view rendering. Explicitly configure spring.jpa.open-in-view to disable this warning
2025-12-29T21:49:19.489+05:30  INFO 23576 --- [ims] [restartedMain] o.s.d.j.r.query.QueryEnhancerFactory     : Hibernate is in classpath; If applicable, HQL parser will be used.
2025-12-29T21:49:22.435+05:30  WARN 23576 --- [ims] [restartedMain] .s.s.UserDetailsServiceAutoConfiguration : 

Using generated security password: 273b1929-fef8-4457-a2da-4d5a8da437b1

This generated password is for development use only. Your security configuration must be updated before running your application in production.

2025-12-29T21:49:22.451+05:30  INFO 23576 --- [ims] [restartedMain] r$InitializeUserDetailsManagerConfigurer : Global AuthenticationManager configured with UserDetailsService bean with name inMemoryUserDetailsManager
2025-12-29T21:49:22.676+05:30 DEBUG 23576 --- [ims] [restartedMain] o.s.s.web.DefaultSecurityFilterChain     : Will secure any request with filters: DisableEncodeUrlFilter, WebAsyncManagerIntegrationFilter, SecurityContextHolderFilter, HeaderWriterFilter, CsrfFilter, LogoutFilter, UsernamePasswordAuthenticationFilter, DefaultResourcesFilter, DefaultLoginPageGeneratingFilter, DefaultLogoutPageGeneratingFilter, BasicAuthenticationFilter, RequestCacheAwareFilter, SecurityContextHolderAwareRequestFilter, AnonymousAuthenticationFilter, ExceptionTranslationFilter, AuthorizationFilter
2025-12-29T21:49:22.779+05:30  INFO 23576 --- [ims] [restartedMain] o.s.b.d.a.OptionalLiveReloadServer       : LiveReload server is running on port 35729
2025-12-29T21:49:22.834+05:30  INFO 23576 --- [ims] [restartedMain] o.s.b.w.embedded.tomcat.TomcatWebServer  : Tomcat started on port 8087 (http) with context path '/'
2025-12-29T21:49:22.859+05:30  INFO 23576 --- [ims] [restartedMain] c.interview.management.ImsApplication    : Started ImsApplication in 17.534 seconds (process running for 18.895)
